<?xml version="1.0" encoding="UTF-8"?>
<!-- Generated by org.testng.reporters.JUnitXMLReporter -->
<testsuite hostname="MLLT-5T7HB54" ignored="0" name="Default test" tests="3" failures="0" timestamp="14 Aug 2025 06:27:01 GMT" time="18.058" errors="0">
  <testcase name="TC1_ValidateText" time="0.172" classname="com.set.testclass.TestLoginSET"/>
  <testcase name="TC2_ValidateBtnEnables" time="0.205" classname="com.set.testclass.TestLoginSET"/>
  <testcase name="TC3_logintoSET" time="1.29" classname="com.set.testclass.TestLoginSET"/>
</testsuite> <!-- Default test -->
