<?xml version="1.0" encoding="UTF-8"?>
<!-- Generated by org.testng.reporters.JUnitReportReporter -->
<testsuite skipped="0" hostname="MLLT-5T7HB54" name="com.set.testclass.TestLoginSET" tests="3" failures="0" timestamp="14 Aug 2025 06:27:02 GMT" time="18.002" errors="0">
  <testcase name="TC1_ValidateText" time="5.344" classname="com.set.testclass.TestLoginSET"/>
  <testcase name="TC3_logintoSET" time="7.379" classname="com.set.testclass.TestLoginSET"/>
  <testcase name="TC2_ValidateBtnEnables" time="5.279" classname="com.set.testclass.TestLoginSET"/>
</testsuite> <!-- com.set.testclass.TestLoginSET -->
